<?xml version="1.0" encoding="UTF-8"?>
<!-- Generated by org.testng.reporters.JUnitReportReporter -->
<testsuite hostname="QT-INBG-LT0426" failures="0" tests="1" name="Automation.Homepage" time="6.217" errors="0" timestamp="2022-06-16T15:17:54 IST" skipped="0">
  <testcase classname="Automation.Homepage" name="Home" time="6.217"/>
  <system-out/>
</testsuite> <!-- Automation.Homepage -->
