<?xml version="1.0" encoding="UTF-8"?>
<!-- Generated by org.testng.reporters.JUnitReportReporter -->
<testsuite hostname="QT-INBG-LT0426" failures="0" tests="2" name="Automation.Signup" time="10.106" errors="0" timestamp="2022-06-16T20:24:05 IST" skipped="0">
  <testcase classname="Automation.Signup" name="Sigup_for_mobiles" time="7.659"/>
  <system-out/>
  <testcase classname="Automation.Signup" name="Lanching_the_Browser" time="2.447"/>
  <system-out/>
</testsuite> <!-- Automation.Signup -->
