<?xml version="1.0" encoding="UTF-8"?>
<!-- Generated by org.testng.reporters.JUnitReportReporter -->
<testsuite hostname="QT-INBG-LT0426" failures="0" tests="2" name="Automation.Contactus" time="10.299" errors="0" timestamp="2022-06-16T20:24:59 IST" skipped="0">
  <testcase classname="Automation.Contactus" name="Lanching_the_Browser" time="3.480"/>
  <system-out/>
  <testcase classname="Automation.Contactus" name="contactUs" time="6.819"/>
  <system-out/>
</testsuite> <!-- Automation.Contactus -->
