<?xml version="1.0" encoding="UTF-8"?>
<!-- Generated by org.testng.reporters.JUnitReportReporter -->
<testsuite hostname="QT-INBG-LT0426" failures="0" tests="3" name="Automation.allmobiles" time="14.845" errors="0" timestamp="2022-06-16T20:24:36 IST" skipped="0">
  <testcase classname="Automation.allmobiles" name="Lanching_the_Browser" time="3.733"/>
  <system-out/>
  <testcase classname="Automation.allmobiles" name="search" time="3.700"/>
  <system-out/>
  <testcase classname="Automation.allmobiles" name="Order" time="7.412"/>
  <system-out/>
</testsuite> <!-- Automation.allmobiles -->
