<?xml version="1.0" encoding="UTF-8"?>
<!-- Generated by org.testng.reporters.JUnitReportReporter -->
<testsuite hostname="QT-INBG-LT0426" failures="0" tests="1" name="Automation.Lunchingapplivation" time="3.507" errors="0" timestamp="2022-06-16T20:24:05 IST" skipped="0">
  <testcase classname="Automation.Lunchingapplivation" name="Lanching_the_Browser" time="3.507"/>
  <system-out/>
</testsuite> <!-- Automation.Lunchingapplivation -->
